<?xml version="1.0" encoding="UTF-8"?>
<!-- Generated by org.testng.reporters.JUnitXMLReporter -->
<testsuite ignored="0" hostname="MAVPUN05222470" failures="0" tests="4" name="Default test" time="7.768" errors="0" timestamp="2024-07-03T11:24:12 IST">
  <testcase classname="com.maveric.project.test.SecuredFakeApiTest" name="test1" time="1.941"/>
  <testcase classname="com.maveric.project.test.SecuredFakeApiTest" name="test2" time="0.648"/>
  <testcase classname="com.maveric.project.test.SecuredFakeApiTest" name="test3" time="1.137"/>
  <testcase classname="com.maveric.project.test.SecuredFakeApiTest" name="test4" time="0.651"/>
</testsuite> <!-- Default test -->
